<?xml version="1.0" encoding="UTF-8"?>
<testsuite name="org.example.AppTest" tests="4" skipped="0" failures="0" errors="0" timestamp="2024-08-18T07:59:10" hostname="DESKTOP-KFUGH52" time="1.055">
  <properties/>
  <testcase name="validacionesnTest()" classname="org.example.AppTest" time="0.748"/>
  <testcase name="medicineTest()" classname="org.example.AppTest" time="0.018"/>
  <testcase name="MedicalSupplyTest()" classname="org.example.AppTest" time="0.022"/>
  <testcase name="presentationTest()" classname="org.example.AppTest" time="0.037"/>
  <system-out><![CDATA[]]></system-out>
  <system-err><![CDATA[]]></system-err>
</testsuite>
