<?xml version="1.0" encoding="UTF-8"?>
<testsuite name="org.example.AppTest" tests="4" skipped="0" failures="0" errors="0" timestamp="2024-07-23T03:25:44" hostname="DESKTOP-KFUGH52" time="0.292">
  <properties/>
  <testcase name="validacionesnTest()" classname="org.example.AppTest" time="0.147"/>
  <testcase name="medicineTest()" classname="org.example.AppTest" time="0.025"/>
  <testcase name="MedicalSupplyTest()" classname="org.example.AppTest" time="0.04"/>
  <testcase name="presentationTest()" classname="org.example.AppTest" time="0.019"/>
  <system-out><![CDATA[]]></system-out>
  <system-err><![CDATA[]]></system-err>
</testsuite>
